<?xml version="1.0" encoding="UTF-8"?>
<coverage generated="1738139577287" clover="3.2.0">
  <project timestamp="1738139577288" name="All files">
    <metrics statements="34" coveredstatements="34" conditionals="6" coveredconditionals="6" methods="13" coveredmethods="13" elements="53" coveredelements="53" complexity="0" loc="34" ncloc="34" packages="1" files="1" classes="1"/>
    <file name="App.jsx" path="/Users/apple/Documents/expense-tracker/src/App.jsx">
      <metrics statements="34" coveredstatements="34" conditionals="6" coveredconditionals="6" methods="13" coveredmethods="13"/>
      <line num="5" count="71" type="stmt"/>
      <line num="6" count="71" type="stmt"/>
      <line num="7" count="71" type="stmt"/>
      <line num="8" count="71" type="stmt"/>
      <line num="9" count="71" type="stmt"/>
      <line num="10" count="71" type="stmt"/>
      <line num="12" count="71" type="stmt"/>
      <line num="13" count="13" type="cond" truecount="6" falsecount="0"/>
      <line num="14" count="12" type="stmt"/>
      <line num="15" count="12" type="stmt"/>
      <line num="16" count="12" type="stmt"/>
      <line num="17" count="12" type="stmt"/>
      <line num="18" count="12" type="stmt"/>
      <line num="19" count="12" type="stmt"/>
      <line num="20" count="12" type="stmt"/>
      <line num="24" count="71" type="stmt"/>
      <line num="25" count="2" type="stmt"/>
      <line num="26" count="2" type="stmt"/>
      <line num="27" count="2" type="stmt"/>
      <line num="28" count="2" type="stmt"/>
      <line num="29" count="2" type="stmt"/>
      <line num="32" count="71" type="stmt"/>
      <line num="33" count="1" type="stmt"/>
      <line num="34" count="1" type="stmt"/>
      <line num="37" count="71" type="stmt"/>
      <line num="38" count="2" type="stmt"/>
      <line num="39" count="1" type="stmt"/>
      <line num="42" count="71" type="stmt"/>
      <line num="53" count="12" type="stmt"/>
      <line num="59" count="12" type="stmt"/>
      <line num="65" count="12" type="stmt"/>
      <line num="76" count="12" type="stmt"/>
      <line num="94" count="58" type="stmt"/>
      <line num="100" count="2" type="stmt"/>
    </file>
  </project>
</coverage>
